28-Apr-2018 03:14:23.244 INFO [main] sun.reflect.NativeMethodAccessorImpl.invoke Server version:        Apache Tomcat (TomEE)/8.5.20 (7.0.4)
28-Apr-2018 03:14:23.245 INFO [main] sun.reflect.NativeMethodAccessorImpl.invoke Server built:          Aug 2 2017 21:35:49 UTC
28-Apr-2018 03:14:23.245 INFO [main] sun.reflect.NativeMethodAccessorImpl.invoke Server number:         8.5.20.0
28-Apr-2018 03:14:23.245 INFO [main] sun.reflect.NativeMethodAccessorImpl.invoke OS Name:               Linux
28-Apr-2018 03:14:23.245 INFO [main] sun.reflect.NativeMethodAccessorImpl.invoke OS Version:            4.4.0-43-Microsoft
28-Apr-2018 03:14:23.245 INFO [main] sun.reflect.NativeMethodAccessorImpl.invoke Architecture:          amd64
28-Apr-2018 03:14:23.245 INFO [main] sun.reflect.NativeMethodAccessorImpl.invoke Java Home:             /usr/lib/jvm/java-8-openjdk-amd64/jre
28-Apr-2018 03:14:23.245 INFO [main] sun.reflect.NativeMethodAccessorImpl.invoke JVM Version:           1.8.0_162-8u162-b12-1~deb9u1-b12
28-Apr-2018 03:14:23.245 INFO [main] sun.reflect.NativeMethodAccessorImpl.invoke JVM Vendor:            Oracle Corporation
28-Apr-2018 03:14:23.245 INFO [main] sun.reflect.NativeMethodAccessorImpl.invoke CATALINA_BASE:         /mnt/c/Users/kushima/microservices-tutorial/parent-project/pagamento/.distribution/apache-tomee
28-Apr-2018 03:14:23.245 INFO [main] sun.reflect.NativeMethodAccessorImpl.invoke CATALINA_HOME:         /mnt/c/Users/kushima/microservices-tutorial/parent-project/pagamento/.distribution/apache-tomee
28-Apr-2018 03:14:23.245 INFO [main] sun.reflect.NativeMethodAccessorImpl.invoke Command line argument: -Djava.util.logging.config.file=/mnt/c/Users/kushima/microservices-tutorial/parent-project/pagamento/.distribution/apache-tomee/conf/logging.properties
28-Apr-2018 03:14:23.245 INFO [main] sun.reflect.NativeMethodAccessorImpl.invoke Command line argument: -Djava.util.logging.manager=org.apache.juli.ClassLoaderLogManager
28-Apr-2018 03:14:23.245 INFO [main] sun.reflect.NativeMethodAccessorImpl.invoke Command line argument: -javaagent:/mnt/c/Users/kushima/microservices-tutorial/parent-project/pagamento/.distribution/apache-tomee/lib/openejb-javaagent.jar
28-Apr-2018 03:14:23.246 INFO [main] sun.reflect.NativeMethodAccessorImpl.invoke Command line argument: -Djdk.tls.ephemeralDHKeySize=2048
28-Apr-2018 03:14:23.246 INFO [main] sun.reflect.NativeMethodAccessorImpl.invoke Command line argument: -Djava.protocol.handler.pkgs=org.apache.catalina.webresources
28-Apr-2018 03:14:23.246 INFO [main] sun.reflect.DelegatingMethodAccessorImpl.invoke Command line argument: -Dorg.apache.catalina.STRICT_SERVLET_COMPLIANCE=false
28-Apr-2018 03:14:23.246 INFO [main] sun.reflect.DelegatingMethodAccessorImpl.invoke Command line argument: -Dopenejb.session.manager=org.apache.tomee.catalina.session.QuickSessionManager
28-Apr-2018 03:14:23.246 INFO [main] sun.reflect.DelegatingMethodAccessorImpl.invoke Command line argument: -Dtomee.remote.support=true
28-Apr-2018 03:14:23.246 INFO [main] sun.reflect.DelegatingMethodAccessorImpl.invoke Command line argument: -Dopenejb.system.apps=false
28-Apr-2018 03:14:23.246 INFO [main] sun.reflect.DelegatingMethodAccessorImpl.invoke Command line argument: -Dtomee.noshutdownhook=true
28-Apr-2018 03:14:23.246 INFO [main] sun.reflect.DelegatingMethodAccessorImpl.invoke Command line argument: -Dtomee.jsp-development=true
28-Apr-2018 03:14:23.246 INFO [main] sun.reflect.DelegatingMethodAccessorImpl.invoke Command line argument: -Dcatalina.base=/mnt/c/Users/kushima/microservices-tutorial/parent-project/pagamento/.distribution/apache-tomee
28-Apr-2018 03:14:23.246 INFO [main] sun.reflect.DelegatingMethodAccessorImpl.invoke Command line argument: -Dcatalina.home=/mnt/c/Users/kushima/microservices-tutorial/parent-project/pagamento/.distribution/apache-tomee
28-Apr-2018 03:14:23.246 INFO [main] sun.reflect.DelegatingMethodAccessorImpl.invoke Command line argument: -Djava.io.tmpdir=/mnt/c/Users/kushima/microservices-tutorial/parent-project/pagamento/.distribution/apache-tomee/temp
28-Apr-2018 03:14:23.247 INFO [main] sun.reflect.DelegatingMethodAccessorImpl.invoke The APR based Apache Tomcat Native library which allows optimal performance in production environments was not found on the java.library.path: [/usr/java/packages/lib/amd64:/usr/lib/x86_64-linux-gnu/jni:/lib/x86_64-linux-gnu:/usr/lib/x86_64-linux-gnu:/usr/lib/jni:/lib:/usr/lib]
28-Apr-2018 03:14:27.162 INFO [main] sun.reflect.DelegatingMethodAccessorImpl.invoke Initializing ProtocolHandler ["http-nio-8080"]
28-Apr-2018 03:14:27.183 INFO [main] sun.reflect.DelegatingMethodAccessorImpl.invoke Using a shared selector for servlet write/read
28-Apr-2018 03:14:27.188 INFO [main] sun.reflect.DelegatingMethodAccessorImpl.invoke Initializing ProtocolHandler ["ajp-nio-8009"]
28-Apr-2018 03:14:27.191 INFO [main] sun.reflect.DelegatingMethodAccessorImpl.invoke Using a shared selector for servlet write/read
28-Apr-2018 03:14:27.573 INFO [main] org.apache.openejb.util.OptionsLog.info Using 'tomee.remote.support=true'
28-Apr-2018 03:14:27.589 INFO [main] org.apache.openejb.util.OptionsLog.info Using 'openejb.jdbc.datasource-creator=org.apache.tomee.jdbc.TomEEDataSourceCreator'
28-Apr-2018 03:14:27.704 INFO [main] org.apache.openejb.OpenEJB$Instance.<init> ********************************************************************************
28-Apr-2018 03:14:27.705 INFO [main] org.apache.openejb.OpenEJB$Instance.<init> OpenEJB http://tomee.apache.org/
28-Apr-2018 03:14:27.705 INFO [main] org.apache.openejb.OpenEJB$Instance.<init> Startup: Sat Apr 28 03:14:27 GMT 2018
28-Apr-2018 03:14:27.705 INFO [main] org.apache.openejb.OpenEJB$Instance.<init> Copyright 1999-2017 (C) Apache OpenEJB Project, All Rights Reserved.
28-Apr-2018 03:14:27.705 INFO [main] org.apache.openejb.OpenEJB$Instance.<init> Version: 7.0.4
28-Apr-2018 03:14:27.705 INFO [main] org.apache.openejb.OpenEJB$Instance.<init> Build date: 20170926
28-Apr-2018 03:14:27.705 INFO [main] org.apache.openejb.OpenEJB$Instance.<init> Build time: 12:10
28-Apr-2018 03:14:27.706 INFO [main] org.apache.openejb.OpenEJB$Instance.<init> ********************************************************************************
28-Apr-2018 03:14:27.706 INFO [main] org.apache.openejb.OpenEJB$Instance.<init> openejb.home = /mnt/c/Users/kushima/microservices-tutorial/parent-project/pagamento/.distribution/apache-tomee
28-Apr-2018 03:14:27.706 INFO [main] org.apache.openejb.OpenEJB$Instance.<init> openejb.base = /mnt/c/Users/kushima/microservices-tutorial/parent-project/pagamento/.distribution/apache-tomee
28-Apr-2018 03:14:27.708 INFO [main] org.apache.openejb.cdi.CdiBuilder.initializeOWB Created new singletonService org.apache.openejb.cdi.ThreadSingletonServiceImpl@667a738
28-Apr-2018 03:14:27.709 INFO [main] org.apache.openejb.cdi.CdiBuilder.initializeOWB Succeeded in installing singleton service
28-Apr-2018 03:14:27.773 INFO [main] org.apache.openejb.config.ConfigurationFactory.init TomEE configuration file is '/mnt/c/Users/kushima/microservices-tutorial/parent-project/pagamento/.distribution/apache-tomee/conf/tomee.xml'
28-Apr-2018 03:14:27.844 INFO [main] org.apache.openejb.config.ConfigurationFactory.configureService Configuring Service(id=Tomcat Security Service, type=SecurityService, provider-id=Tomcat Security Service)
28-Apr-2018 03:14:27.849 INFO [main] org.apache.openejb.config.ConfigurationFactory.configureService Configuring Service(id=Default Transaction Manager, type=TransactionManager, provider-id=Default Transaction Manager)
28-Apr-2018 03:14:27.892 INFO [main] org.apache.openejb.util.OptionsLog.info Using 'openejb.default.deployment-module=org.apache.openejb.config.WebModule'
28-Apr-2018 03:14:27.902 WARNING [main] org.apache.openejb.config.ConfigurationFactory.configureApplication Jar not loaded. /mnt/c/Users/kushima/microservices-tutorial/parent-project/pagamento/.distribution/apache-tomee/apps/pagamento-1.0-SNAPSHOT.jar.  Unable to determine module type for jar: file:/mnt/c/Users/kushima/microservices-tutorial/parent-project/pagamento/.distribution/apache-tomee/apps/pagamento-1.0-SNAPSHOT.jar: Unknown module type: url=/mnt/c/Users/kushima/microservices-tutorial/parent-project/pagamento/.distribution/apache-tomee/apps/pagamento-1.0-SNAPSHOT.jar which can't be a war.
 org.apache.openejb.config.UnknownModuleTypeException: Unable to determine module type for jar: file:/mnt/c/Users/kushima/microservices-tutorial/parent-project/pagamento/.distribution/apache-tomee/apps/pagamento-1.0-SNAPSHOT.jar: Unknown module type: url=/mnt/c/Users/kushima/microservices-tutorial/parent-project/pagamento/.distribution/apache-tomee/apps/pagamento-1.0-SNAPSHOT.jar which can't be a war.
	at org.apache.openejb.config.DeploymentLoader.load(DeploymentLoader.java:153)
	at org.apache.openejb.config.ConfigurationFactory.configureApplication(ConfigurationFactory.java:855)
	at org.apache.openejb.config.ConfigurationFactory.getOpenEjbConfiguration(ConfigurationFactory.java:547)
	at org.apache.openejb.config.ConfigurationFactory.getOpenEjbConfiguration(ConfigurationFactory.java:634)
	at org.apache.openejb.assembler.classic.Assembler.getOpenEjbConfiguration(Assembler.java:507)
	at org.apache.openejb.assembler.classic.Assembler.build(Assembler.java:486)
	at org.apache.openejb.OpenEJB$Instance.<init>(OpenEJB.java:150)
	at org.apache.openejb.OpenEJB.init(OpenEJB.java:307)
	at org.apache.tomee.catalina.TomcatLoader.initialize(TomcatLoader.java:247)
	at org.apache.tomee.catalina.ServerListener.lifecycleEvent(ServerListener.java:168)
	at org.apache.catalina.util.LifecycleBase.fireLifecycleEvent(LifecycleBase.java:94)
	at org.apache.catalina.util.LifecycleBase.setStateInternal(LifecycleBase.java:395)
	at org.apache.catalina.util.LifecycleBase.init(LifecycleBase.java:108)
	at org.apache.catalina.startup.Catalina.load(Catalina.java:607)
	at org.apache.catalina.startup.Catalina.load(Catalina.java:630)
	at sun.reflect.NativeMethodAccessorImpl.invoke0(Native Method)
	at sun.reflect.NativeMethodAccessorImpl.invoke(NativeMethodAccessorImpl.java:62)
	at sun.reflect.DelegatingMethodAccessorImpl.invoke(DelegatingMethodAccessorImpl.java:43)
	at java.lang.reflect.Method.invoke(Method.java:498)
	at org.apache.catalina.startup.Bootstrap.load(Bootstrap.java:311)
	at org.apache.catalina.startup.Bootstrap.main(Bootstrap.java:494)
Caused by: org.apache.openejb.config.UnknownModuleTypeException: Unknown module type: url=/mnt/c/Users/kushima/microservices-tutorial/parent-project/pagamento/.distribution/apache-tomee/apps/pagamento-1.0-SNAPSHOT.jar which can't be a war.
	at org.apache.openejb.config.DeploymentLoader.discoverModuleType(DeploymentLoader.java:1997)
	at org.apache.openejb.config.DeploymentLoader.discoverModuleType(DeploymentLoader.java:1905)
	at org.apache.openejb.config.DeploymentLoader.load(DeploymentLoader.java:151)
	... 20 more

28-Apr-2018 03:14:27.903 INFO [main] org.apache.openejb.util.OptionsLog.info Using 'openejb.system.apps=false'
28-Apr-2018 03:14:27.904 INFO [main] org.apache.openejb.util.OptionsLog.info Using 'openejb.deployments.classpath=false'
28-Apr-2018 03:14:27.909 INFO [main] org.apache.openejb.assembler.classic.Assembler.createRecipe Creating TransactionManager(id=Default Transaction Manager)
28-Apr-2018 03:14:28.036 INFO [main] org.apache.openejb.assembler.classic.Assembler.createRecipe Creating SecurityService(id=Tomcat Security Service)
28-Apr-2018 03:14:28.169 INFO [main] org.apache.openejb.server.ServiceManager.initServer Creating ServerService(id=cxf-rs)
28-Apr-2018 03:14:28.470 INFO [main] org.apache.openejb.server.SimpleServiceManager.start   ** Bound Services **
28-Apr-2018 03:14:28.471 INFO [main] org.apache.openejb.server.SimpleServiceManager.printRow   NAME                 IP              PORT  
28-Apr-2018 03:14:28.471 INFO [main] org.apache.openejb.server.SimpleServiceManager.start -------
28-Apr-2018 03:14:28.471 INFO [main] org.apache.openejb.server.SimpleServiceManager.start Ready!
28-Apr-2018 03:14:28.471 INFO [main] org.apache.openejb.util.OptionsLog.info Using 'tomee.noshutdownhook=true'
28-Apr-2018 03:14:28.471 INFO [main] sun.reflect.DelegatingMethodAccessorImpl.invoke Initialization processed in 5744 ms
28-Apr-2018 03:14:28.521 INFO [main] org.apache.tomee.catalina.OpenEJBNamingContextListener.bindResource Importing a Tomcat Resource with id 'UserDatabase' of type 'org.apache.catalina.UserDatabase'.
28-Apr-2018 03:14:28.521 INFO [main] org.apache.openejb.assembler.classic.Assembler.createRecipe Creating Resource(id=UserDatabase)
28-Apr-2018 03:14:28.527 INFO [main] sun.reflect.DelegatingMethodAccessorImpl.invoke Starting service [Catalina]
28-Apr-2018 03:14:28.527 INFO [main] sun.reflect.DelegatingMethodAccessorImpl.invoke Starting Servlet Engine: Apache Tomcat (TomEE)/8.5.20 (7.0.4)
28-Apr-2018 03:14:28.674 INFO [Catalina-startStop-1] sun.reflect.DelegatingMethodAccessorImpl.invoke Unable to set the web application class loader property [clearReferencesRmiTargets] to [true] as the property does not exist.
28-Apr-2018 03:14:28.709 INFO [main] sun.reflect.DelegatingMethodAccessorImpl.invoke Starting ProtocolHandler ["http-nio-8080"]
28-Apr-2018 03:14:28.724 INFO [main] sun.reflect.DelegatingMethodAccessorImpl.invoke Starting ProtocolHandler ["ajp-nio-8009"]
28-Apr-2018 03:14:28.731 INFO [main] sun.reflect.DelegatingMethodAccessorImpl.invoke Server startup in 259 ms
